<?xml version="1.0" encoding="UTF-8"?>
<robot generator="Robot 6.0.1 (Python 3.11.0 on win32)" generated="20221215 10:11:52.074" rpa="false" schemaversion="3">
<suite id="s1" name="Test" source="D:\Projects\RobotFWEbayCourse\Tests\test.robot">
<test id="s1-t1" name="Verify basic search funcionality" line="14">
<kw name="Start Browser" library="OpenCloseBrowser" type="SETUP">
<kw name="Open Browser" library="SeleniumLibrary">
<arg>https://www.drogeria-ekologiczna.pl/</arg>
<arg>chrome</arg>
<doc>Opens a new browser instance to the optional ``url``.</doc>
<msg timestamp="20221215 10:11:52.198" level="INFO">Opening browser 'chrome' to base url 'https://www.drogeria-ekologiczna.pl/'.</msg>
<status status="PASS" starttime="20221215 10:11:52.198" endtime="20221215 10:11:55.280"/>
</kw>
<kw name="Maximize Browser Window" library="SeleniumLibrary">
<doc>Maximizes current browser window.</doc>
<status status="PASS" starttime="20221215 10:11:55.280" endtime="20221215 10:11:55.390"/>
</kw>
<status status="PASS" starttime="20221215 10:11:52.197" endtime="20221215 10:11:55.390"/>
</kw>
<kw name="Input text in the search box and click search" library="HeaderPage">
<arg>krem</arg>
<kw name="Input Text" library="SeleniumLibrary">
<arg>${HomePageSearchTextBox}</arg>
<arg>${search_text}</arg>
<doc>Types the given ``text`` into the text field identified by ``locator``.</doc>
<msg timestamp="20221215 10:11:55.392" level="INFO">Typing text 'krem' into text field 'xpath://input[@id='search_query_top']'.</msg>
<status status="PASS" starttime="20221215 10:11:55.391" endtime="20221215 10:11:55.477"/>
</kw>
<kw name="Press Keys" library="SeleniumLibrary">
<arg>${HomePageSearchButtom}</arg>
<arg>[return]</arg>
<doc>Simulates the user pressing key(s) to an element or on the active browser.</doc>
<msg timestamp="20221215 10:11:55.478" level="INFO">Sending key(s) ('[return]',) to xpath://span[text()='Szukaj'] element.</msg>
<msg timestamp="20221215 10:11:57.298" level="INFO">Sending keys [return]</msg>
<status status="PASS" starttime="20221215 10:11:55.478" endtime="20221215 10:11:57.308"/>
</kw>
<status status="PASS" starttime="20221215 10:11:55.391" endtime="20221215 10:11:57.308"/>
</kw>
<kw name="Verify Search results" library="SearchResultPage">
<arg>Wyniki</arg>
<arg>krem</arg>
<kw name="Page Should Contain" library="SeleniumLibrary">
<arg>${search_result}</arg>
<arg>${search_text}</arg>
<doc>Verifies that current page contains ``text``.</doc>
<msg timestamp="20221215 10:11:57.329" level="INFO">Current page contains text 'Wyniki'.</msg>
<status status="PASS" starttime="20221215 10:11:57.309" endtime="20221215 10:11:57.329"/>
</kw>
<status status="PASS" starttime="20221215 10:11:57.308" endtime="20221215 10:11:57.329"/>
</kw>
<kw name="Finish Browser" library="OpenCloseBrowser" type="TEARDOWN">
<kw name="Close Browser" library="SeleniumLibrary">
<doc>Closes the current browser.</doc>
<status status="PASS" starttime="20221215 10:11:57.330" endtime="20221215 10:11:59.420"/>
</kw>
<status status="PASS" starttime="20221215 10:11:57.329" endtime="20221215 10:11:59.420"/>
</kw>
<status status="PASS" starttime="20221215 10:11:52.197" endtime="20221215 10:11:59.421"/>
</test>
<doc>DrogeriaKosmetycznaTests</doc>
<status status="PASS" starttime="20221215 10:11:52.075" endtime="20221215 10:11:59.422"/>
</suite>
<statistics>
<total>
<stat pass="1" fail="0" skip="0">All Tests</stat>
</total>
<tag>
</tag>
<suite>
<stat pass="1" fail="0" skip="0" id="s1" name="Test">Test</stat>
</suite>
</statistics>
<errors>
</errors>
</robot>
